<?xml version="1.0" encoding="UTF-8"?>
<!-- Generated by org.testng.reporters.JUnitXMLReporter -->
<testsuite hostname="KPs-HP" ignored="0" name="Login Test" tests="2" failures="0" timestamp="2022-12-11T21:40:21 GMT" time="36.695" errors="0">
  <testcase name="userShouldNavigateToForgotPasswordPageSuccessfully" time="1.802" classname="com.orangehrmlive.opensourcedemo.testsuite.ForgotPasswordTest"/>
  <testcase name="userShouldLoginSuccessfullyWithValidCredentials" time="3.319" classname="com.orangehrmlive.opensourcedemo.testsuite.LoginPageTest"/>
</testsuite> <!-- Login Test -->
