<?xml version="1.0" encoding="UTF-8"?>
<!-- Generated by org.testng.reporters.JUnitXMLReporter -->
<testsuite hostname="KPs-HP" ignored="0" name="LoginPage Test" tests="2" failures="0" timestamp="2022-12-13T10:29:52 GMT" time="18.582" errors="0">
  <testcase name="userShouldNavigateToForgotPasswordPageSuccessfully" time="1.153" classname="com.orangehrmlive.opensourcedemo.testsuite.ForgotPasswordTest"/>
  <testcase name="userShouldLoginSuccessfullyWithValidCredentials" time="2.135" classname="com.orangehrmlive.opensourcedemo.testsuite.LoginPageTest"/>
</testsuite> <!-- LoginPage Test -->
